c:\workplace\pbr_renderer\pbr_renderer\x64\release\render.obj
c:\workplace\pbr_renderer\pbr_renderer\x64\release\camera.obj
c:\workplace\pbr_renderer\pbr_renderer\x64\release\main.obj
c:\workplace\pbr_renderer\pbr_renderer\x64\release\pbr_renderer.obj
c:\workplace\pbr_renderer\pbr_renderer\x64\release\qrc_pbr_renderer.obj
c:\workplace\pbr_renderer\pbr_renderer\x64\release\moc_pbr_renderer.obj
c:\workplace\pbr_renderer\pbr_renderer\x64\release\moc_render.obj
c:\workplace\pbr_renderer\pbr_renderer\x64\release\renderobject.obj
c:\workplace\pbr_renderer\pbr_renderer\x64\release\cube.obj
c:\workplace\pbr_renderer\x64\release\pbr_renderer.exe
c:\workplace\pbr_renderer\pbr_renderer\x64\release\\moc\moc_render.cpp
c:\workplace\pbr_renderer\pbr_renderer\x64\release\\moc\moc_pbr_renderer.cpp
c:\workplace\pbr_renderer\pbr_renderer\x64\release\uic\ui_pbr_renderer.h
c:\workplace\pbr_renderer\pbr_renderer\x64\release\uic\ui_render.h
c:\workplace\pbr_renderer\pbr_renderer\x64\release\rcc\qrc_pbr_renderer.cpp
c:\workplace\pbr_renderer\pbr_renderer\x64\release\moc\header\moc_render.cpp
c:\workplace\pbr_renderer\pbr_renderer\x64\release\moc\header\moc_pbr_renderer.cpp
c:\workplace\pbr_renderer\pbr_renderer\x64\release\moc\moc_render.cpp
c:\workplace\pbr_renderer\pbr_renderer\x64\release\moc\moc_pbr_renderer.cpp
c:\workplace\pbr_renderer\pbr_renderer\x64\release\\rcc\qrc_pbr_renderer.cpp
c:\workplace\pbr_renderer\pbr_renderer\x64\release\\uic\ui_pbr_renderer.h
c:\workplace\pbr_renderer\pbr_renderer\x64\release\\uic\ui_render.h
c:\workplace\pbr_renderer\pbr_renderer\x64\release\pbr_renderer.tlog\cl.command.1.tlog
c:\workplace\pbr_renderer\pbr_renderer\x64\release\pbr_renderer.tlog\cl.read.1.tlog
c:\workplace\pbr_renderer\pbr_renderer\x64\release\pbr_renderer.tlog\cl.write.1.tlog
c:\workplace\pbr_renderer\pbr_renderer\x64\release\pbr_renderer.tlog\link.command.1.tlog
c:\workplace\pbr_renderer\pbr_renderer\x64\release\pbr_renderer.tlog\link.read.1.tlog
c:\workplace\pbr_renderer\pbr_renderer\x64\release\pbr_renderer.tlog\link.write.1.tlog
c:\workplace\pbr_renderer\pbr_renderer\x64\release\pbr_renderer.tlog\moc.read.1u.tlog
c:\workplace\pbr_renderer\pbr_renderer\x64\release\pbr_renderer.tlog\moc.write.1u.tlog
c:\workplace\pbr_renderer\pbr_renderer\x64\release\pbr_renderer.tlog\pbr_renderer.write.1u.tlog
c:\workplace\pbr_renderer\pbr_renderer\x64\release\pbr_renderer.tlog\rcc.read.1u.tlog
c:\workplace\pbr_renderer\pbr_renderer\x64\release\pbr_renderer.tlog\rcc.write.1u.tlog
c:\workplace\pbr_renderer\pbr_renderer\x64\release\pbr_renderer.tlog\uic.read.1u.tlog
c:\workplace\pbr_renderer\pbr_renderer\x64\release\pbr_renderer.tlog\uic.write.1u.tlog
