c:\workplace\pbr_renderer\pbr_renderer\x64\debug\moc_pbr_renderer.obj
c:\workplace\pbr_renderer\pbr_renderer\x64\debug\qrc_pbr_renderer.obj
c:\workplace\pbr_renderer\pbr_renderer\x64\debug\main.obj
c:\workplace\pbr_renderer\pbr_renderer\x64\debug\pbr_renderer.obj
c:\workplace\pbr_renderer\pbr_renderer\x64\debug\render.obj
c:\workplace\pbr_renderer\pbr_renderer\x64\debug\camera.obj
c:\workplace\pbr_renderer\pbr_renderer\x64\debug\moc_render.obj
c:\workplace\pbr_renderer\pbr_renderer\x64\debug\vc142.pdb
c:\workplace\pbr_renderer\pbr_renderer\x64\debug\renderobject.obj
c:\workplace\pbr_renderer\pbr_renderer\x64\debug\cube.obj
c:\workplace\pbr_renderer\x64\debug\pbr_renderer.exe
c:\workplace\pbr_renderer\x64\debug\pbr_renderer.ilk
c:\workplace\pbr_renderer\x64\debug\pbr_renderer.pdb
c:\workplace\pbr_renderer\pbr_renderer\x64\debug\\moc\moc_pbr_renderer.cpp
c:\workplace\pbr_renderer\pbr_renderer\x64\debug\\moc\moc_render.cpp
c:\workplace\pbr_renderer\pbr_renderer\x64\debug\uic\ui_pbr_renderer.h
c:\workplace\pbr_renderer\pbr_renderer\x64\debug\rcc\qrc_pbr_renderer.cpp
c:\workplace\pbr_renderer\pbr_renderer\x64\debug\moc\moc_pbr_renderer.cpp
c:\workplace\pbr_renderer\pbr_renderer\x64\debug\uic\ui_render.h
c:\workplace\pbr_renderer\pbr_renderer\x64\debug\moc\moc_render.cpp
c:\workplace\pbr_renderer\pbr_renderer\x64\debug\uic\form files\ui_pbr_renderer.h
c:\workplace\pbr_renderer\pbr_renderer\x64\debug\uic\form files\ui_render.h
c:\workplace\pbr_renderer\pbr_renderer\x64\debug\rcc\resource files\qrc_pbr_renderer.cpp
c:\workplace\pbr_renderer\pbr_renderer\x64\debug\moc\header files\moc_render.cpp
c:\workplace\pbr_renderer\pbr_renderer\x64\debug\moc\header files\moc_pbr_renderer.cpp
c:\workplace\pbr_renderer\pbr_renderer\x64\debug\moc\header\moc_render.cpp
c:\workplace\pbr_renderer\pbr_renderer\x64\debug\moc\header\moc_pbr_renderer.cpp
c:\workplace\pbr_renderer\pbr_renderer\x64\debug\\rcc\qrc_pbr_renderer.cpp
c:\workplace\pbr_renderer\pbr_renderer\x64\debug\\uic\ui_pbr_renderer.h
c:\workplace\pbr_renderer\pbr_renderer\x64\debug\\uic\ui_render.h
c:\workplace\pbr_renderer\pbr_renderer\x64\debug\pbr_renderer.tlog\cl.command.1.tlog
c:\workplace\pbr_renderer\pbr_renderer\x64\debug\pbr_renderer.tlog\cl.read.1.tlog
c:\workplace\pbr_renderer\pbr_renderer\x64\debug\pbr_renderer.tlog\cl.write.1.tlog
c:\workplace\pbr_renderer\pbr_renderer\x64\debug\pbr_renderer.tlog\link.10144.delete.1.tlog
c:\workplace\pbr_renderer\pbr_renderer\x64\debug\pbr_renderer.tlog\link.14960.delete.1.tlog
c:\workplace\pbr_renderer\pbr_renderer\x64\debug\pbr_renderer.tlog\link.14996.delete.1.tlog
c:\workplace\pbr_renderer\pbr_renderer\x64\debug\pbr_renderer.tlog\link.16920.delete.1.tlog
c:\workplace\pbr_renderer\pbr_renderer\x64\debug\pbr_renderer.tlog\link.17052.delete.1.tlog
c:\workplace\pbr_renderer\pbr_renderer\x64\debug\pbr_renderer.tlog\link.19888.delete.1.tlog
c:\workplace\pbr_renderer\pbr_renderer\x64\debug\pbr_renderer.tlog\link.20304.delete.1.tlog
c:\workplace\pbr_renderer\pbr_renderer\x64\debug\pbr_renderer.tlog\link.21216.delete.1.tlog
c:\workplace\pbr_renderer\pbr_renderer\x64\debug\pbr_renderer.tlog\link.4688.delete.1.tlog
c:\workplace\pbr_renderer\pbr_renderer\x64\debug\pbr_renderer.tlog\link.8640.delete.1.tlog
c:\workplace\pbr_renderer\pbr_renderer\x64\debug\pbr_renderer.tlog\link.command.1.tlog
c:\workplace\pbr_renderer\pbr_renderer\x64\debug\pbr_renderer.tlog\link.delete.1.tlog
c:\workplace\pbr_renderer\pbr_renderer\x64\debug\pbr_renderer.tlog\link.read.1.tlog
c:\workplace\pbr_renderer\pbr_renderer\x64\debug\pbr_renderer.tlog\link.write.1.tlog
c:\workplace\pbr_renderer\pbr_renderer\x64\debug\pbr_renderer.tlog\moc.read.1u.tlog
c:\workplace\pbr_renderer\pbr_renderer\x64\debug\pbr_renderer.tlog\moc.write.1u.tlog
c:\workplace\pbr_renderer\pbr_renderer\x64\debug\pbr_renderer.tlog\pbr_renderer.write.1u.tlog
c:\workplace\pbr_renderer\pbr_renderer\x64\debug\pbr_renderer.tlog\rcc.read.1u.tlog
c:\workplace\pbr_renderer\pbr_renderer\x64\debug\pbr_renderer.tlog\rcc.write.1u.tlog
c:\workplace\pbr_renderer\pbr_renderer\x64\debug\pbr_renderer.tlog\uic.read.1u.tlog
c:\workplace\pbr_renderer\pbr_renderer\x64\debug\pbr_renderer.tlog\uic.write.1u.tlog
